2015-12-02 21:20:03+0800 [scrapy] INFO: Scrapy 0.24.4 started (bot: meta)
2015-12-02 21:20:03+0800 [scrapy] INFO: Optional features available: ssl, http11, django
2015-12-02 21:20:03+0800 [scrapy] INFO: Overridden settings: {'NEWSPIDER_MODULE': 'meta.spiders', 'LOG_LEVEL': 'INFO', 'CONCURRENT_REQUESTS': 100, 'SPIDER_MODULES': ['meta.spiders'], 'RETRY_HTTP_CODES': [400, 408, 502, 504], 'BOT_NAME': 'meta', 'DOWNLOAD_TIMEOUT': 60, 'CONCURRENT_ITEMS': 300, 'USER_AGENT': 'Mozilla/5.0 (Windows NT 6.1; WOW64) AppleWebKit/535.19 (KHTML, like Gecko) Chrome/18.0.1025.168 Safari/535.19', 'DEPTH_PRIORITY': 1, 'SCHEDULER_MEMORY_QUEUE': 'scrapy.squeue.FifoMemoryQueue', 'LOG_FILE': 'baidu_news_copy.log', 'SCHEDULER_DISK_QUEUE': 'scrapy.squeue.PickleFifoDiskQueue', 'DOWNLOAD_DELAY': 30.0}
2015-12-02 21:20:03+0800 [scrapy] INFO: Enabled extensions: LogStats, TelnetConsole, CloseSpider, WebService, CoreStats, SpiderState
2015-12-02 21:20:03+0800 [scrapy] INFO: Enabled downloader middlewares: HttpAuthMiddleware, DownloadTimeoutMiddleware, UserAgentMiddleware, RetryMiddleware, DefaultHeadersMiddleware, MetaRefreshMiddleware, HttpCompressionMiddleware, RedirectMiddleware, CookiesMiddleware, ChunkedTransferMiddleware, DownloaderStats
2015-12-02 21:20:03+0800 [scrapy] INFO: Enabled spider middlewares: HttpErrorMiddleware, OffsiteMiddleware, RefererMiddleware, UrlLengthMiddleware, DepthMiddleware
2015-12-02 21:20:03+0800 [scrapy] INFO: Enabled item pipelines: MetaPipeline
2015-12-02 21:22:04+0800 [cluster_meta] INFO: Spider opened
2015-12-02 21:22:04+0800 [cluster_meta] INFO: Crawled 0 pages (at 0 pages/min), scraped 0 items (at 0 items/min)
2015-12-02 21:22:04+0800 [scrapy] INFO: response url: http://news.baidu.com/ns?word=12580+cont:2356559765&same=5&cl=1&tn=news&rn=30&fm=sd
2015-12-02 21:22:38+0800 [scrapy] INFO: response url: http://news.baidu.com/ns?word=12580+cont:176299471&same=3&cl=1&tn=news&rn=30&fm=sd
2015-12-02 21:23:04+0800 [cluster_meta] INFO: Crawled 2 pages (at 2 pages/min), scraped 8 items (at 8 items/min)
2015-12-02 21:23:17+0800 [scrapy] INFO: response url: http://news.baidu.com/ns?word=12580+cont:615248019&same=2&cl=1&tn=news&rn=30&fm=sd
2015-12-02 21:23:54+0800 [scrapy] INFO: response url: http://news.baidu.com/ns?word=12580+cont:3076675693&same=6&cl=1&tn=news&rn=30&fm=sd
2015-12-02 21:23:54+0800 [scrapy] INFO: catch idle signal...
2015-12-02 21:23:59+0800 [cluster_meta] INFO: Closing spider (finished)
2015-12-02 21:23:59+0800 [cluster_meta] INFO: Dumping Scrapy stats:
	{'downloader/request_bytes': 1394,
	 'downloader/request_count': 4,
	 'downloader/request_method_count/GET': 4,
	 'downloader/response_bytes': 114181,
	 'downloader/response_count': 4,
	 'downloader/response_status_count/200': 4,
	 'dupefilter/filtered': 6,
	 'finish_reason': 'finished',
	 'finish_time': datetime.datetime(2015, 12, 2, 13, 23, 59, 300663),
	 'item_scraped_count': 15,
	 'log_count/INFO': 13,
	 'request_depth_max': 1,
	 'response_received_count': 4,
	 'scheduler/dequeued': 4,
	 'scheduler/dequeued/memory': 4,
	 'scheduler/enqueued': 4,
	 'scheduler/enqueued/memory': 4,
	 'start_time': datetime.datetime(2015, 12, 2, 13, 22, 4, 201165)}
2015-12-02 21:23:59+0800 [cluster_meta] INFO: Spider closed (finished)
2015-12-02 21:30:02+0800 [scrapy] INFO: Scrapy 0.24.4 started (bot: meta)
2015-12-02 21:30:02+0800 [scrapy] INFO: Optional features available: ssl, http11, django
2015-12-02 21:30:02+0800 [scrapy] INFO: Overridden settings: {'NEWSPIDER_MODULE': 'meta.spiders', 'LOG_LEVEL': 'INFO', 'CONCURRENT_REQUESTS': 100, 'SPIDER_MODULES': ['meta.spiders'], 'RETRY_HTTP_CODES': [400, 408, 502, 504], 'BOT_NAME': 'meta', 'DOWNLOAD_TIMEOUT': 60, 'CONCURRENT_ITEMS': 300, 'USER_AGENT': 'Mozilla/5.0 (Windows NT 6.1; WOW64) AppleWebKit/535.19 (KHTML, like Gecko) Chrome/18.0.1025.168 Safari/535.19', 'DEPTH_PRIORITY': 1, 'SCHEDULER_MEMORY_QUEUE': 'scrapy.squeue.FifoMemoryQueue', 'LOG_FILE': 'baidu_news_copy.log', 'SCHEDULER_DISK_QUEUE': 'scrapy.squeue.PickleFifoDiskQueue', 'DOWNLOAD_DELAY': 30.0}
2015-12-02 21:30:02+0800 [scrapy] INFO: Enabled extensions: LogStats, TelnetConsole, CloseSpider, WebService, CoreStats, SpiderState
2015-12-02 21:30:02+0800 [scrapy] INFO: Enabled downloader middlewares: HttpAuthMiddleware, DownloadTimeoutMiddleware, UserAgentMiddleware, RetryMiddleware, DefaultHeadersMiddleware, MetaRefreshMiddleware, HttpCompressionMiddleware, RedirectMiddleware, CookiesMiddleware, ChunkedTransferMiddleware, DownloaderStats
2015-12-02 21:30:02+0800 [scrapy] INFO: Enabled spider middlewares: HttpErrorMiddleware, OffsiteMiddleware, RefererMiddleware, UrlLengthMiddleware, DepthMiddleware
2015-12-02 21:30:02+0800 [scrapy] INFO: Enabled item pipelines: MetaPipeline
2015-12-12 14:30:03+0800 [scrapy] INFO: Scrapy 0.24.4 started (bot: meta)
2015-12-12 14:30:03+0800 [scrapy] INFO: Optional features available: ssl, http11, django
2015-12-12 14:30:03+0800 [scrapy] INFO: Overridden settings: {'NEWSPIDER_MODULE': 'meta.spiders', 'LOG_LEVEL': 'INFO', 'CONCURRENT_REQUESTS': 100, 'SPIDER_MODULES': ['meta.spiders'], 'RETRY_HTTP_CODES': [400, 408, 502, 504], 'BOT_NAME': 'meta', 'DOWNLOAD_TIMEOUT': 60, 'CONCURRENT_ITEMS': 300, 'USER_AGENT': 'Mozilla/5.0 (Windows NT 6.1; WOW64) AppleWebKit/535.19 (KHTML, like Gecko) Chrome/18.0.1025.168 Safari/535.19', 'DEPTH_PRIORITY': 1, 'SCHEDULER_MEMORY_QUEUE': 'scrapy.squeue.FifoMemoryQueue', 'LOG_FILE': 'baidu_news_copy.log', 'SCHEDULER_DISK_QUEUE': 'scrapy.squeue.PickleFifoDiskQueue', 'DOWNLOAD_DELAY': 30.0}
2015-12-12 14:30:04+0800 [scrapy] INFO: Enabled extensions: LogStats, TelnetConsole, CloseSpider, WebService, CoreStats, SpiderState
2015-12-12 14:30:04+0800 [scrapy] INFO: Enabled downloader middlewares: HttpAuthMiddleware, DownloadTimeoutMiddleware, UserAgentMiddleware, RetryMiddleware, DefaultHeadersMiddleware, MetaRefreshMiddleware, HttpCompressionMiddleware, RedirectMiddleware, CookiesMiddleware, ChunkedTransferMiddleware, DownloaderStats
2015-12-12 14:30:04+0800 [scrapy] INFO: Enabled spider middlewares: HttpErrorMiddleware, OffsiteMiddleware, RefererMiddleware, UrlLengthMiddleware, DepthMiddleware
2015-12-12 14:40:01+0800 [scrapy] INFO: Scrapy 0.24.4 started (bot: meta)
2015-12-12 14:40:01+0800 [scrapy] INFO: Optional features available: ssl, http11, django
2015-12-12 14:40:01+0800 [scrapy] INFO: Overridden settings: {'NEWSPIDER_MODULE': 'meta.spiders', 'LOG_LEVEL': 'INFO', 'CONCURRENT_REQUESTS': 100, 'SPIDER_MODULES': ['meta.spiders'], 'RETRY_HTTP_CODES': [400, 408, 502, 504], 'BOT_NAME': 'meta', 'DOWNLOAD_TIMEOUT': 60, 'CONCURRENT_ITEMS': 300, 'USER_AGENT': 'Mozilla/5.0 (Windows NT 6.1; WOW64) AppleWebKit/535.19 (KHTML, like Gecko) Chrome/18.0.1025.168 Safari/535.19', 'DEPTH_PRIORITY': 1, 'SCHEDULER_MEMORY_QUEUE': 'scrapy.squeue.FifoMemoryQueue', 'LOG_FILE': 'baidu_news_copy.log', 'SCHEDULER_DISK_QUEUE': 'scrapy.squeue.PickleFifoDiskQueue', 'DOWNLOAD_DELAY': 30.0}
2015-12-12 14:40:02+0800 [scrapy] INFO: Enabled extensions: LogStats, TelnetConsole, CloseSpider, WebService, CoreStats, SpiderState
2015-12-12 14:40:02+0800 [scrapy] INFO: Enabled downloader middlewares: HttpAuthMiddleware, DownloadTimeoutMiddleware, UserAgentMiddleware, RetryMiddleware, DefaultHeadersMiddleware, MetaRefreshMiddleware, HttpCompressionMiddleware, RedirectMiddleware, CookiesMiddleware, ChunkedTransferMiddleware, DownloaderStats
2015-12-12 14:40:02+0800 [scrapy] INFO: Enabled spider middlewares: HttpErrorMiddleware, OffsiteMiddleware, RefererMiddleware, UrlLengthMiddleware, DepthMiddleware
2015-12-12 14:50:02+0800 [scrapy] INFO: Scrapy 0.24.4 started (bot: meta)
2015-12-12 14:50:02+0800 [scrapy] INFO: Optional features available: ssl, http11, django
2015-12-12 14:50:02+0800 [scrapy] INFO: Overridden settings: {'NEWSPIDER_MODULE': 'meta.spiders', 'LOG_LEVEL': 'INFO', 'CONCURRENT_REQUESTS': 100, 'SPIDER_MODULES': ['meta.spiders'], 'RETRY_HTTP_CODES': [400, 408, 502, 504], 'BOT_NAME': 'meta', 'DOWNLOAD_TIMEOUT': 60, 'CONCURRENT_ITEMS': 300, 'USER_AGENT': 'Mozilla/5.0 (Windows NT 6.1; WOW64) AppleWebKit/535.19 (KHTML, like Gecko) Chrome/18.0.1025.168 Safari/535.19', 'DEPTH_PRIORITY': 1, 'SCHEDULER_MEMORY_QUEUE': 'scrapy.squeue.FifoMemoryQueue', 'LOG_FILE': 'baidu_news_copy.log', 'SCHEDULER_DISK_QUEUE': 'scrapy.squeue.PickleFifoDiskQueue', 'DOWNLOAD_DELAY': 30.0}
2015-12-12 14:50:02+0800 [scrapy] INFO: Enabled extensions: LogStats, TelnetConsole, CloseSpider, WebService, CoreStats, SpiderState
2015-12-12 14:50:02+0800 [scrapy] INFO: Enabled downloader middlewares: HttpAuthMiddleware, DownloadTimeoutMiddleware, UserAgentMiddleware, RetryMiddleware, DefaultHeadersMiddleware, MetaRefreshMiddleware, HttpCompressionMiddleware, RedirectMiddleware, CookiesMiddleware, ChunkedTransferMiddleware, DownloaderStats
2015-12-12 14:50:02+0800 [scrapy] INFO: Enabled spider middlewares: HttpErrorMiddleware, OffsiteMiddleware, RefererMiddleware, UrlLengthMiddleware, DepthMiddleware
2015-12-12 14:50:02+0800 [scrapy] INFO: Enabled item pipelines: MetaPipeline
